<?xml version="1.0" encoding="UTF-8"?>
<!-- Generated by org.testng.reporters.JUnitXMLReporter -->
<testsuite hostname="MSI" ignored="0" name="Default test" tests="6" failures="0" timestamp="2020-02-06T00:13:54 CST" time="80.193" errors="0">
  <testcase name="verifyMessageAlertTestData" time="0.0" classname="com.contactUs.qa.TestCases.ContactUsPageTest">
    <skipped/>
  </testcase> <!-- verifyMessageAlertTestData -->
  <testcase name="verifyWarningAlertEmailEmtpyFieldTest" time="2.871" classname="com.contactUs.qa.TestCases.ContactUsPageTest"/>
  <testcase name="verifyWarningAlertSubjectEmtpyFieldTest" time="3.847" classname="com.contactUs.qa.TestCases.ContactUsPageTest"/>
  <testcase name="verifyWarningAlertMessageEmtpyFieldTest" time="2.73" classname="com.contactUs.qa.TestCases.ContactUsPageTest"/>
  <testcase name="verifySuccessMessageAlertTest" time="3.021" classname="com.contactUs.qa.TestCases.ContactUsPageTest"/>
  <testcase name="verifyContactUsPageTitleTest" time="1.02" classname="com.contactUs.qa.TestCases.ContactUsPageTest"/>
</testsuite> <!-- Default test -->
